127.0.0.1 - - [02/Jun/2020:19:42:55 +0700] "GET / HTTP/1.1" 302 - "-" "Mozilla/5.0 (Windows NT 10.0; Win64; x64) AppleWebKit/537.36 (KHTML, like Gecko) Chrome/83.0.4103.61 Safari/537.36"
127.0.0.1 - - [02/Jun/2020:19:42:55 +0700] "GET /dashboard/ HTTP/1.1" 200 7576 "-" "Mozilla/5.0 (Windows NT 10.0; Win64; x64) AppleWebKit/537.36 (KHTML, like Gecko) Chrome/83.0.4103.61 Safari/537.36"
127.0.0.1 - - [02/Jun/2020:19:42:55 +0700] "GET /dashboard/stylesheets/normalize.css HTTP/1.1" 200 6876 "http://127.0.0.1/dashboard/" "Mozilla/5.0 (Windows NT 10.0; Win64; x64) AppleWebKit/537.36 (KHTML, like Gecko) Chrome/83.0.4103.61 Safari/537.36"
127.0.0.1 - - [02/Jun/2020:19:42:55 +0700] "GET /dashboard/javascripts/modernizr.js HTTP/1.1" 200 51365 "http://127.0.0.1/dashboard/" "Mozilla/5.0 (Windows NT 10.0; Win64; x64) AppleWebKit/537.36 (KHTML, like Gecko) Chrome/83.0.4103.61 Safari/537.36"
127.0.0.1 - - [02/Jun/2020:19:42:55 +0700] "GET /dashboard/stylesheets/all.css HTTP/1.1" 200 481698 "http://127.0.0.1/dashboard/" "Mozilla/5.0 (Windows NT 10.0; Win64; x64) AppleWebKit/537.36 (KHTML, like Gecko) Chrome/83.0.4103.61 Safari/537.36"
127.0.0.1 - - [02/Jun/2020:19:42:55 +0700] "GET /dashboard/javascripts/all.js HTTP/1.1" 200 188385 "http://127.0.0.1/dashboard/" "Mozilla/5.0 (Windows NT 10.0; Win64; x64) AppleWebKit/537.36 (KHTML, like Gecko) Chrome/83.0.4103.61 Safari/537.36"
127.0.0.1 - - [02/Jun/2020:19:42:56 +0700] "GET /dashboard/images/social-icons.png HTTP/1.1" 200 3361 "http://127.0.0.1/dashboard/stylesheets/all.css" "Mozilla/5.0 (Windows NT 10.0; Win64; x64) AppleWebKit/537.36 (KHTML, like Gecko) Chrome/83.0.4103.61 Safari/537.36"
127.0.0.1 - - [02/Jun/2020:19:42:56 +0700] "GET /dashboard/images/fastly-logo.png HTTP/1.1" 200 1770 "http://127.0.0.1/dashboard/" "Mozilla/5.0 (Windows NT 10.0; Win64; x64) AppleWebKit/537.36 (KHTML, like Gecko) Chrome/83.0.4103.61 Safari/537.36"
127.0.0.1 - - [02/Jun/2020:19:42:56 +0700] "GET /dashboard/images/bitnami-xampp.png HTTP/1.1" 200 22133 "http://127.0.0.1/dashboard/" "Mozilla/5.0 (Windows NT 10.0; Win64; x64) AppleWebKit/537.36 (KHTML, like Gecko) Chrome/83.0.4103.61 Safari/537.36"
127.0.0.1 - - [02/Jun/2020:19:42:56 +0700] "GET /dashboard/images/xampp-logo.svg HTTP/1.1" 200 5427 "http://127.0.0.1/dashboard/" "Mozilla/5.0 (Windows NT 10.0; Win64; x64) AppleWebKit/537.36 (KHTML, like Gecko) Chrome/83.0.4103.61 Safari/537.36"
127.0.0.1 - - [02/Jun/2020:19:42:57 +0700] "GET /dashboard/images/favicon.png HTTP/1.1" 200 2508 "http://127.0.0.1/dashboard/" "Mozilla/5.0 (Windows NT 10.0; Win64; x64) AppleWebKit/537.36 (KHTML, like Gecko) Chrome/83.0.4103.61 Safari/537.36"
::1 - - [02/Jun/2020:19:44:43 +0700] "GET / HTTP/1.1" 302 - "-" "Mozilla/5.0 (Windows NT 10.0; Win64; x64) AppleWebKit/537.36 (KHTML, like Gecko) Chrome/83.0.4103.61 Safari/537.36"
::1 - - [02/Jun/2020:19:44:43 +0700] "GET /dashboard/ HTTP/1.1" 200 7576 "-" "Mozilla/5.0 (Windows NT 10.0; Win64; x64) AppleWebKit/537.36 (KHTML, like Gecko) Chrome/83.0.4103.61 Safari/537.36"
::1 - - [02/Jun/2020:19:44:43 +0700] "GET /dashboard/stylesheets/normalize.css HTTP/1.1" 200 6876 "http://localhost:1908/dashboard/" "Mozilla/5.0 (Windows NT 10.0; Win64; x64) AppleWebKit/537.36 (KHTML, like Gecko) Chrome/83.0.4103.61 Safari/537.36"
::1 - - [02/Jun/2020:19:44:43 +0700] "GET /dashboard/stylesheets/all.css HTTP/1.1" 200 481698 "http://localhost:1908/dashboard/" "Mozilla/5.0 (Windows NT 10.0; Win64; x64) AppleWebKit/537.36 (KHTML, like Gecko) Chrome/83.0.4103.61 Safari/537.36"
::1 - - [02/Jun/2020:19:44:43 +0700] "GET /dashboard/javascripts/modernizr.js HTTP/1.1" 200 51365 "http://localhost:1908/dashboard/" "Mozilla/5.0 (Windows NT 10.0; Win64; x64) AppleWebKit/537.36 (KHTML, like Gecko) Chrome/83.0.4103.61 Safari/537.36"
::1 - - [02/Jun/2020:19:44:43 +0700] "GET /dashboard/javascripts/all.js HTTP/1.1" 200 188385 "http://localhost:1908/dashboard/" "Mozilla/5.0 (Windows NT 10.0; Win64; x64) AppleWebKit/537.36 (KHTML, like Gecko) Chrome/83.0.4103.61 Safari/537.36"
::1 - - [02/Jun/2020:19:44:43 +0700] "GET /dashboard/images/xampp-logo.svg HTTP/1.1" 200 5427 "http://localhost:1908/dashboard/" "Mozilla/5.0 (Windows NT 10.0; Win64; x64) AppleWebKit/537.36 (KHTML, like Gecko) Chrome/83.0.4103.61 Safari/537.36"
::1 - - [02/Jun/2020:19:44:43 +0700] "GET /dashboard/images/bitnami-xampp.png HTTP/1.1" 200 22133 "http://localhost:1908/dashboard/" "Mozilla/5.0 (Windows NT 10.0; Win64; x64) AppleWebKit/537.36 (KHTML, like Gecko) Chrome/83.0.4103.61 Safari/537.36"
::1 - - [02/Jun/2020:19:44:43 +0700] "GET /dashboard/images/fastly-logo.png HTTP/1.1" 200 1770 "http://localhost:1908/dashboard/" "Mozilla/5.0 (Windows NT 10.0; Win64; x64) AppleWebKit/537.36 (KHTML, like Gecko) Chrome/83.0.4103.61 Safari/537.36"
::1 - - [02/Jun/2020:19:44:43 +0700] "GET /dashboard/images/social-icons.png HTTP/1.1" 200 3361 "http://localhost:1908/dashboard/stylesheets/all.css" "Mozilla/5.0 (Windows NT 10.0; Win64; x64) AppleWebKit/537.36 (KHTML, like Gecko) Chrome/83.0.4103.61 Safari/537.36"
::1 - - [02/Jun/2020:19:44:43 +0700] "GET /dashboard/images/favicon.png HTTP/1.1" 200 2508 "http://localhost:1908/dashboard/" "Mozilla/5.0 (Windows NT 10.0; Win64; x64) AppleWebKit/537.36 (KHTML, like Gecko) Chrome/83.0.4103.61 Safari/537.36"
::1 - - [02/Jun/2020:19:47:11 +0700] "GET /vinhthanh HTTP/1.1" 301 341 "-" "Mozilla/5.0 (Windows NT 10.0; Win64; x64) AppleWebKit/537.36 (KHTML, like Gecko) Chrome/83.0.4103.61 Safari/537.36"
::1 - - [02/Jun/2020:19:47:11 +0700] "GET /vinhthanh/ HTTP/1.1" 200 777 "-" "Mozilla/5.0 (Windows NT 10.0; Win64; x64) AppleWebKit/537.36 (KHTML, like Gecko) Chrome/83.0.4103.61 Safari/537.36"
::1 - - [02/Jun/2020:19:47:11 +0700] "GET /icons/blank.gif HTTP/1.1" 200 148 "http://localhost:1908/vinhthanh/" "Mozilla/5.0 (Windows NT 10.0; Win64; x64) AppleWebKit/537.36 (KHTML, like Gecko) Chrome/83.0.4103.61 Safari/537.36"
::1 - - [02/Jun/2020:19:47:11 +0700] "GET /icons/back.gif HTTP/1.1" 200 216 "http://localhost:1908/vinhthanh/" "Mozilla/5.0 (Windows NT 10.0; Win64; x64) AppleWebKit/537.36 (KHTML, like Gecko) Chrome/83.0.4103.61 Safari/537.36"
::1 - - [02/Jun/2020:19:47:11 +0700] "GET /favicon.ico HTTP/1.1" 200 30894 "http://localhost:1908/vinhthanh/" "Mozilla/5.0 (Windows NT 10.0; Win64; x64) AppleWebKit/537.36 (KHTML, like Gecko) Chrome/83.0.4103.61 Safari/537.36"
::1 - - [02/Jun/2020:19:48:10 +0700] "GET /vinhthanh/ HTTP/1.1" 200 988 "-" "Mozilla/5.0 (Windows NT 10.0; Win64; x64) AppleWebKit/537.36 (KHTML, like Gecko) Chrome/83.0.4103.61 Safari/537.36"
::1 - - [02/Jun/2020:19:48:10 +0700] "GET /icons/text.gif HTTP/1.1" 200 229 "http://localhost:1908/vinhthanh/" "Mozilla/5.0 (Windows NT 10.0; Win64; x64) AppleWebKit/537.36 (KHTML, like Gecko) Chrome/83.0.4103.61 Safari/537.36"
::1 - - [02/Jun/2020:19:48:10 +0700] "GET /favicon.ico HTTP/1.1" 200 30894 "http://localhost:1908/vinhthanh/" "Mozilla/5.0 (Windows NT 10.0; Win64; x64) AppleWebKit/537.36 (KHTML, like Gecko) Chrome/83.0.4103.61 Safari/537.36"
::1 - - [02/Jun/2020:19:49:41 +0700] "GET /vinhthanh/heloo.html HTTP/1.1" 200 - "http://localhost:1908/vinhthanh/" "Mozilla/5.0 (Windows NT 10.0; Win64; x64) AppleWebKit/537.36 (KHTML, like Gecko) Chrome/83.0.4103.61 Safari/537.36"
::1 - - [02/Jun/2020:19:49:44 +0700] "GET /vinhthanh/ HTTP/1.1" 200 1196 "-" "Mozilla/5.0 (Windows NT 10.0; Win64; x64) AppleWebKit/537.36 (KHTML, like Gecko) Chrome/83.0.4103.61 Safari/537.36"
::1 - - [02/Jun/2020:19:49:44 +0700] "GET /favicon.ico HTTP/1.1" 200 30894 "http://localhost:1908/vinhthanh/" "Mozilla/5.0 (Windows NT 10.0; Win64; x64) AppleWebKit/537.36 (KHTML, like Gecko) Chrome/83.0.4103.61 Safari/537.36"
::1 - - [02/Jun/2020:19:51:00 +0700] "GET /phpmyadmin HTTP/1.1" 301 342 "-" "Mozilla/5.0 (Windows NT 10.0; Win64; x64) AppleWebKit/537.36 (KHTML, like Gecko) Chrome/83.0.4103.61 Safari/537.36"
::1 - - [02/Jun/2020:19:51:00 +0700] "GET /phpmyadmin/ HTTP/1.1" 200 14576 "-" "Mozilla/5.0 (Windows NT 10.0; Win64; x64) AppleWebKit/537.36 (KHTML, like Gecko) Chrome/83.0.4103.61 Safari/537.36"
::1 - - [02/Jun/2020:19:51:02 +0700] "GET /phpmyadmin/themes/pmahomme/jquery/jquery-ui.css HTTP/1.1" 200 36566 "-" "Mozilla/5.0 (Windows NT 10.0; Win64; x64) AppleWebKit/537.36 (KHTML, like Gecko) Chrome/83.0.4103.61 Safari/537.36"
::1 - - [02/Jun/2020:19:51:02 +0700] "GET /phpmyadmin/js/vendor/codemirror/lib/codemirror.css?v=5.0.2 HTTP/1.1" 200 8705 "-" "Mozilla/5.0 (Windows NT 10.0; Win64; x64) AppleWebKit/537.36 (KHTML, like Gecko) Chrome/83.0.4103.61 Safari/537.36"
::1 - - [02/Jun/2020:19:51:02 +0700] "GET /phpmyadmin/js/vendor/codemirror/addon/lint/lint.css?v=5.0.2 HTTP/1.1" 200 2999 "-" "Mozilla/5.0 (Windows NT 10.0; Win64; x64) AppleWebKit/537.36 (KHTML, like Gecko) Chrome/83.0.4103.61 Safari/537.36"
::1 - - [02/Jun/2020:19:51:02 +0700] "GET /phpmyadmin/js/vendor/codemirror/addon/hint/show-hint.css?v=5.0.2 HTTP/1.1" 200 623 "-" "Mozilla/5.0 (Windows NT 10.0; Win64; x64) AppleWebKit/537.36 (KHTML, like Gecko) Chrome/83.0.4103.61 Safari/537.36"
::1 - - [02/Jun/2020:19:51:02 +0700] "GET /phpmyadmin/themes/pmahomme/css/theme.css?v=5.0.2&nocache=6188364140ltr&server=1 HTTP/1.1" 200 100397 "-" "Mozilla/5.0 (Windows NT 10.0; Win64; x64) AppleWebKit/537.36 (KHTML, like Gecko) Chrome/83.0.4103.61 Safari/537.36"
::1 - - [02/Jun/2020:19:51:02 +0700] "GET /phpmyadmin/js/vendor/jquery/jquery.min.js?v=5.0.2 HTTP/1.1" 200 88145 "-" "Mozilla/5.0 (Windows NT 10.0; Win64; x64) AppleWebKit/537.36 (KHTML, like Gecko) Chrome/83.0.4103.61 Safari/537.36"
::1 - - [02/Jun/2020:19:51:02 +0700] "GET /phpmyadmin/js/vendor/jquery/jquery-migrate.js?v=5.0.2 HTTP/1.1" 200 19092 "-" "Mozilla/5.0 (Windows NT 10.0; Win64; x64) AppleWebKit/537.36 (KHTML, like Gecko) Chrome/83.0.4103.61 Safari/537.36"
::1 - - [02/Jun/2020:19:51:02 +0700] "GET /phpmyadmin/js/vendor/sprintf.js?v=5.0.2 HTTP/1.1" 200 7387 "-" "Mozilla/5.0 (Windows NT 10.0; Win64; x64) AppleWebKit/537.36 (KHTML, like Gecko) Chrome/83.0.4103.61 Safari/537.36"
::1 - - [02/Jun/2020:19:51:02 +0700] "GET /phpmyadmin/js/ajax.js?v=5.0.2 HTTP/1.1" 200 36837 "-" "Mozilla/5.0 (Windows NT 10.0; Win64; x64) AppleWebKit/537.36 (KHTML, like Gecko) Chrome/83.0.4103.61 Safari/537.36"
::1 - - [02/Jun/2020:19:51:02 +0700] "GET /phpmyadmin/js/keyhandler.js?v=5.0.2 HTTP/1.1" 200 3337 "-" "Mozilla/5.0 (Windows NT 10.0; Win64; x64) AppleWebKit/537.36 (KHTML, like Gecko) Chrome/83.0.4103.61 Safari/537.36"
::1 - - [02/Jun/2020:19:51:02 +0700] "GET /phpmyadmin/js/vendor/bootstrap/bootstrap.bundle.min.js?v=5.0.2 HTTP/1.1" 200 78635 "-" "Mozilla/5.0 (Windows NT 10.0; Win64; x64) AppleWebKit/537.36 (KHTML, like Gecko) Chrome/83.0.4103.61 Safari/537.36"
::1 - - [02/Jun/2020:19:51:02 +0700] "GET /phpmyadmin/js/vendor/js.cookie.js?v=5.0.2 HTTP/1.1" 200 3883 "-" "Mozilla/5.0 (Windows NT 10.0; Win64; x64) AppleWebKit/537.36 (KHTML, like Gecko) Chrome/83.0.4103.61 Safari/537.36"
::1 - - [02/Jun/2020:19:51:02 +0700] "GET /phpmyadmin/js/vendor/jquery/jquery-ui.min.js?v=5.0.2 HTTP/1.1" 200 253681 "-" "Mozilla/5.0 (Windows NT 10.0; Win64; x64) AppleWebKit/537.36 (KHTML, like Gecko) Chrome/83.0.4103.61 Safari/537.36"
::1 - - [02/Jun/2020:19:51:02 +0700] "GET /phpmyadmin/js/vendor/jquery/jquery.event.drag-2.2.js?v=5.0.2 HTTP/1.1" 200 12826 "-" "Mozilla/5.0 (Windows NT 10.0; Win64; x64) AppleWebKit/537.36 (KHTML, like Gecko) Chrome/83.0.4103.61 Safari/537.36"
::1 - - [02/Jun/2020:19:51:02 +0700] "GET /phpmyadmin/js/vendor/jquery/jquery.validate.js?v=5.0.2 HTTP/1.1" 200 50690 "-" "Mozilla/5.0 (Windows NT 10.0; Win64; x64) AppleWebKit/537.36 (KHTML, like Gecko) Chrome/83.0.4103.61 Safari/537.36"
::1 - - [02/Jun/2020:19:51:02 +0700] "GET /phpmyadmin/js/vendor/jquery/jquery-ui-timepicker-addon.js?v=5.0.2 HTTP/1.1" 200 78475 "-" "Mozilla/5.0 (Windows NT 10.0; Win64; x64) AppleWebKit/537.36 (KHTML, like Gecko) Chrome/83.0.4103.61 Safari/537.36"
::1 - - [02/Jun/2020:19:51:02 +0700] "GET /phpmyadmin/js/vendor/jquery/jquery.mousewheel.js?v=5.0.2 HTTP/1.1" 200 8267 "-" "Mozilla/5.0 (Windows NT 10.0; Win64; x64) AppleWebKit/537.36 (KHTML, like Gecko) Chrome/83.0.4103.61 Safari/537.36"
::1 - - [02/Jun/2020:19:51:02 +0700] "GET /phpmyadmin/js/vendor/jquery/jquery.ba-hashchange-1.3.js?v=5.0.2 HTTP/1.1" 200 16522 "-" "Mozilla/5.0 (Windows NT 10.0; Win64; x64) AppleWebKit/537.36 (KHTML, like Gecko) Chrome/83.0.4103.61 Safari/537.36"
::1 - - [02/Jun/2020:19:51:02 +0700] "GET /phpmyadmin/js/vendor/jquery/jquery.debounce-1.0.5.js?v=5.0.2 HTTP/1.1" 200 1169 "-" "Mozilla/5.0 (Windows NT 10.0; Win64; x64) AppleWebKit/537.36 (KHTML, like Gecko) Chrome/83.0.4103.61 Safari/537.36"
::1 - - [02/Jun/2020:19:51:02 +0700] "GET /phpmyadmin/js/cross_framing_protection.js?v=5.0.2 HTTP/1.1" 200 465 "-" "Mozilla/5.0 (Windows NT 10.0; Win64; x64) AppleWebKit/537.36 (KHTML, like Gecko) Chrome/83.0.4103.61 Safari/537.36"
::1 - - [02/Jun/2020:19:51:02 +0700] "GET /phpmyadmin/js/menu_resizer.js?v=5.0.2 HTTP/1.1" 200 8276 "-" "Mozilla/5.0 (Windows NT 10.0; Win64; x64) AppleWebKit/537.36 (KHTML, like Gecko) Chrome/83.0.4103.61 Safari/537.36"
::1 - - [02/Jun/2020:19:51:02 +0700] "GET /phpmyadmin/js/rte.js?v=5.0.2 HTTP/1.1" 200 48093 "-" "Mozilla/5.0 (Windows NT 10.0; Win64; x64) AppleWebKit/537.36 (KHTML, like Gecko) Chrome/83.0.4103.61 Safari/537.36"
::1 - - [02/Jun/2020:19:51:02 +0700] "GET /phpmyadmin/js/whitelist.php?v=5.0.2&lang=en HTTP/1.1" 200 478 "-" "Mozilla/5.0 (Windows NT 10.0; Win64; x64) AppleWebKit/537.36 (KHTML, like Gecko) Chrome/83.0.4103.61 Safari/537.36"
::1 - - [02/Jun/2020:19:51:02 +0700] "GET /phpmyadmin/js/error_report.js?v=5.0.2 HTTP/1.1" 200 10882 "-" "Mozilla/5.0 (Windows NT 10.0; Win64; x64) AppleWebKit/537.36 (KHTML, like Gecko) Chrome/83.0.4103.61 Safari/537.36"
::1 - - [02/Jun/2020:19:51:02 +0700] "GET /phpmyadmin/js/doclinks.js?v=5.0.2 HTTP/1.1" 200 18970 "-" "Mozilla/5.0 (Windows NT 10.0; Win64; x64) AppleWebKit/537.36 (KHTML, like Gecko) Chrome/83.0.4103.61 Safari/537.36"
::1 - - [02/Jun/2020:19:51:02 +0700] "GET /phpmyadmin/js/functions.js?v=5.0.2 HTTP/1.1" 200 177939 "-" "Mozilla/5.0 (Windows NT 10.0; Win64; x64) AppleWebKit/537.36 (KHTML, like Gecko) Chrome/83.0.4103.61 Safari/537.36"
::1 - - [02/Jun/2020:19:51:02 +0700] "GET /phpmyadmin/js/navigation.js?v=5.0.2 HTTP/1.1" 200 62743 "-" "Mozilla/5.0 (Windows NT 10.0; Win64; x64) AppleWebKit/537.36 (KHTML, like Gecko) Chrome/83.0.4103.61 Safari/537.36"
::1 - - [02/Jun/2020:19:51:02 +0700] "GET /phpmyadmin/js/indexes.js?v=5.0.2 HTTP/1.1" 200 29379 "-" "Mozilla/5.0 (Windows NT 10.0; Win64; x64) AppleWebKit/537.36 (KHTML, like Gecko) Chrome/83.0.4103.61 Safari/537.36"
::1 - - [02/Jun/2020:19:51:02 +0700] "GET /phpmyadmin/js/vendor/tracekit.js?v=5.0.2 HTTP/1.1" 200 45389 "-" "Mozilla/5.0 (Windows NT 10.0; Win64; x64) AppleWebKit/537.36 (KHTML, like Gecko) Chrome/83.0.4103.61 Safari/537.36"
::1 - - [02/Jun/2020:19:51:02 +0700] "GET /phpmyadmin/js/config.js?v=5.0.2 HTTP/1.1" 200 27402 "-" "Mozilla/5.0 (Windows NT 10.0; Win64; x64) AppleWebKit/537.36 (KHTML, like Gecko) Chrome/83.0.4103.61 Safari/537.36"
::1 - - [02/Jun/2020:19:51:02 +0700] "GET /phpmyadmin/js/common.js?v=5.0.2 HTTP/1.1" 200 4662 "-" "Mozilla/5.0 (Windows NT 10.0; Win64; x64) AppleWebKit/537.36 (KHTML, like Gecko) Chrome/83.0.4103.61 Safari/537.36"
::1 - - [02/Jun/2020:19:51:02 +0700] "GET /phpmyadmin/js/page_settings.js?v=5.0.2 HTTP/1.1" 200 1746 "-" "Mozilla/5.0 (Windows NT 10.0; Win64; x64) AppleWebKit/537.36 (KHTML, like Gecko) Chrome/83.0.4103.61 Safari/537.36"
::1 - - [02/Jun/2020:19:51:02 +0700] "GET /phpmyadmin/js/drag_drop_import.js?v=5.0.2 HTTP/1.1" 200 14528 "-" "Mozilla/5.0 (Windows NT 10.0; Win64; x64) AppleWebKit/537.36 (KHTML, like Gecko) Chrome/83.0.4103.61 Safari/537.36"
::1 - - [02/Jun/2020:19:51:02 +0700] "GET /phpmyadmin/js/shortcuts_handler.js?v=5.0.2 HTTP/1.1" 200 3835 "-" "Mozilla/5.0 (Windows NT 10.0; Win64; x64) AppleWebKit/537.36 (KHTML, like Gecko) Chrome/83.0.4103.61 Safari/537.36"
::1 - - [02/Jun/2020:19:51:02 +0700] "GET /phpmyadmin/js/vendor/codemirror/lib/codemirror.js?v=5.0.2 HTTP/1.1" 200 395660 "-" "Mozilla/5.0 (Windows NT 10.0; Win64; x64) AppleWebKit/537.36 (KHTML, like Gecko) Chrome/83.0.4103.61 Safari/537.36"
::1 - - [02/Jun/2020:19:51:02 +0700] "GET /phpmyadmin/js/vendor/codemirror/mode/sql/sql.js?v=5.0.2 HTTP/1.1" 200 47451 "-" "Mozilla/5.0 (Windows NT 10.0; Win64; x64) AppleWebKit/537.36 (KHTML, like Gecko) Chrome/83.0.4103.61 Safari/537.36"
::1 - - [02/Jun/2020:19:51:02 +0700] "GET /phpmyadmin/js/vendor/codemirror/addon/runmode/runmode.js?v=5.0.2 HTTP/1.1" 200 2500 "-" "Mozilla/5.0 (Windows NT 10.0; Win64; x64) AppleWebKit/537.36 (KHTML, like Gecko) Chrome/83.0.4103.61 Safari/537.36"
::1 - - [02/Jun/2020:19:51:02 +0700] "GET /phpmyadmin/js/vendor/codemirror/addon/hint/show-hint.js?v=5.0.2 HTTP/1.1" 200 17378 "-" "Mozilla/5.0 (Windows NT 10.0; Win64; x64) AppleWebKit/537.36 (KHTML, like Gecko) Chrome/83.0.4103.61 Safari/537.36"
::1 - - [02/Jun/2020:19:51:02 +0700] "GET /phpmyadmin/js/vendor/codemirror/addon/hint/sql-hint.js?v=5.0.2 HTTP/1.1" 200 9599 "-" "Mozilla/5.0 (Windows NT 10.0; Win64; x64) AppleWebKit/537.36 (KHTML, like Gecko) Chrome/83.0.4103.61 Safari/537.36"
::1 - - [02/Jun/2020:19:51:02 +0700] "GET /phpmyadmin/js/console.js?v=5.0.2 HTTP/1.1" 200 57024 "-" "Mozilla/5.0 (Windows NT 10.0; Win64; x64) AppleWebKit/537.36 (KHTML, like Gecko) Chrome/83.0.4103.61 Safari/537.36"
::1 - - [02/Jun/2020:19:51:02 +0700] "GET /phpmyadmin/js/vendor/codemirror/addon/lint/lint.js?v=5.0.2 HTTP/1.1" 200 8610 "-" "Mozilla/5.0 (Windows NT 10.0; Win64; x64) AppleWebKit/537.36 (KHTML, like Gecko) Chrome/83.0.4103.61 Safari/537.36"
::1 - - [02/Jun/2020:19:51:02 +0700] "GET /phpmyadmin/js/codemirror/addon/lint/sql-lint.js?v=5.0.2 HTTP/1.1" 200 1156 "-" "Mozilla/5.0 (Windows NT 10.0; Win64; x64) AppleWebKit/537.36 (KHTML, like Gecko) Chrome/83.0.4103.61 Safari/537.36"
::1 - - [02/Jun/2020:19:51:02 +0700] "GET /phpmyadmin/themes/pmahomme/img/logo_left.png HTTP/1.1" 200 2713 "-" "Mozilla/5.0 (Windows NT 10.0; Win64; x64) AppleWebKit/537.36 (KHTML, like Gecko) Chrome/83.0.4103.61 Safari/537.36"
::1 - - [02/Jun/2020:19:51:02 +0700] "GET /phpmyadmin/themes/dot.gif HTTP/1.1" 200 43 "-" "Mozilla/5.0 (Windows NT 10.0; Win64; x64) AppleWebKit/537.36 (KHTML, like Gecko) Chrome/83.0.4103.61 Safari/537.36"
::1 - - [02/Jun/2020:19:51:02 +0700] "GET /phpmyadmin/themes/pmahomme/css/printview.css?v=5.0.2 HTTP/1.1" 200 1455 "-" "Mozilla/5.0 (Windows NT 10.0; Win64; x64) AppleWebKit/537.36 (KHTML, like Gecko) Chrome/83.0.4103.61 Safari/537.36"
::1 - - [02/Jun/2020:19:51:02 +0700] "GET /phpmyadmin/js/messages.php?l=en&v=5.0.2&lang=en HTTP/1.1" 200 8852 "-" "Mozilla/5.0 (Windows NT 10.0; Win64; x64) AppleWebKit/537.36 (KHTML, like Gecko) Chrome/83.0.4103.61 Safari/537.36"
::1 - - [02/Jun/2020:19:51:02 +0700] "GET /phpmyadmin/themes/pmahomme/img/left_nav_bg.png HTTP/1.1" 200 146 "http://localhost:1908/phpmyadmin/themes/pmahomme/css/theme.css?v=5.0.2&nocache=6188364140ltr&server=1" "Mozilla/5.0 (Windows NT 10.0; Win64; x64) AppleWebKit/537.36 (KHTML, like Gecko) Chrome/83.0.4103.61 Safari/537.36"
::1 - - [02/Jun/2020:19:51:02 +0700] "GET /phpmyadmin/themes/pmahomme/img/b_home.png HTTP/1.1" 200 734 "http://localhost:1908/phpmyadmin/themes/pmahomme/css/theme.css?v=5.0.2&nocache=6188364140ltr&server=1" "Mozilla/5.0 (Windows NT 10.0; Win64; x64) AppleWebKit/537.36 (KHTML, like Gecko) Chrome/83.0.4103.61 Safari/537.36"
::1 - - [02/Jun/2020:19:51:02 +0700] "GET /phpmyadmin/themes/pmahomme/img/s_loggoff.png HTTP/1.1" 200 626 "http://localhost:1908/phpmyadmin/themes/pmahomme/css/theme.css?v=5.0.2&nocache=6188364140ltr&server=1" "Mozilla/5.0 (Windows NT 10.0; Win64; x64) AppleWebKit/537.36 (KHTML, like Gecko) Chrome/83.0.4103.61 Safari/537.36"
::1 - - [02/Jun/2020:19:51:02 +0700] "GET /phpmyadmin/themes/pmahomme/img/b_docs.png HTTP/1.1" 200 705 "http://localhost:1908/phpmyadmin/themes/pmahomme/css/theme.css?v=5.0.2&nocache=6188364140ltr&server=1" "Mozilla/5.0 (Windows NT 10.0; Win64; x64) AppleWebKit/537.36 (KHTML, like Gecko) Chrome/83.0.4103.61 Safari/537.36"
::1 - - [02/Jun/2020:19:51:02 +0700] "GET /phpmyadmin/themes/pmahomme/img/b_sqlhelp.png HTTP/1.1" 200 512 "http://localhost:1908/phpmyadmin/themes/pmahomme/css/theme.css?v=5.0.2&nocache=6188364140ltr&server=1" "Mozilla/5.0 (Windows NT 10.0; Win64; x64) AppleWebKit/537.36 (KHTML, like Gecko) Chrome/83.0.4103.61 Safari/537.36"
::1 - - [02/Jun/2020:19:51:02 +0700] "GET /phpmyadmin/themes/pmahomme/img/s_cog.png HTTP/1.1" 200 442 "http://localhost:1908/phpmyadmin/themes/pmahomme/css/theme.css?v=5.0.2&nocache=6188364140ltr&server=1" "Mozilla/5.0 (Windows NT 10.0; Win64; x64) AppleWebKit/537.36 (KHTML, like Gecko) Chrome/83.0.4103.61 Safari/537.36"
::1 - - [02/Jun/2020:19:51:02 +0700] "GET /phpmyadmin/themes/pmahomme/img/s_reload.png HTTP/1.1" 200 527 "http://localhost:1908/phpmyadmin/themes/pmahomme/css/theme.css?v=5.0.2&nocache=6188364140ltr&server=1" "Mozilla/5.0 (Windows NT 10.0; Win64; x64) AppleWebKit/537.36 (KHTML, like Gecko) Chrome/83.0.4103.61 Safari/537.36"
::1 - - [02/Jun/2020:19:51:02 +0700] "GET /phpmyadmin/themes/pmahomme/img/ajax_clock_small.gif HTTP/1.1" 200 1810 "http://localhost:1908/phpmyadmin/themes/pmahomme/css/theme.css?v=5.0.2&nocache=6188364140ltr&server=1" "Mozilla/5.0 (Windows NT 10.0; Win64; x64) AppleWebKit/537.36 (KHTML, like Gecko) Chrome/83.0.4103.61 Safari/537.36"
::1 - - [02/Jun/2020:19:51:02 +0700] "GET /phpmyadmin/themes/pmahomme/img/s_link.png HTTP/1.1" 200 280 "http://localhost:1908/phpmyadmin/themes/pmahomme/css/theme.css?v=5.0.2&nocache=6188364140ltr&server=1" "Mozilla/5.0 (Windows NT 10.0; Win64; x64) AppleWebKit/537.36 (KHTML, like Gecko) Chrome/83.0.4103.61 Safari/537.36"
::1 - - [02/Jun/2020:19:51:02 +0700] "GET /phpmyadmin/themes/pmahomme/img/b_newdb.png HTTP/1.1" 200 585 "http://localhost:1908/phpmyadmin/themes/pmahomme/css/theme.css?v=5.0.2&nocache=6188364140ltr&server=1" "Mozilla/5.0 (Windows NT 10.0; Win64; x64) AppleWebKit/537.36 (KHTML, like Gecko) Chrome/83.0.4103.61 Safari/537.36"
::1 - - [02/Jun/2020:19:51:02 +0700] "GET /phpmyadmin/themes/pmahomme/img/b_plus.png HTTP/1.1" 200 143 "http://localhost:1908/phpmyadmin/themes/pmahomme/css/theme.css?v=5.0.2&nocache=6188364140ltr&server=1" "Mozilla/5.0 (Windows NT 10.0; Win64; x64) AppleWebKit/537.36 (KHTML, like Gecko) Chrome/83.0.4103.61 Safari/537.36"
::1 - - [02/Jun/2020:19:51:02 +0700] "GET /phpmyadmin/themes/pmahomme/img/s_db.png HTTP/1.1" 200 328 "http://localhost:1908/phpmyadmin/themes/pmahomme/css/theme.css?v=5.0.2&nocache=6188364140ltr&server=1" "Mozilla/5.0 (Windows NT 10.0; Win64; x64) AppleWebKit/537.36 (KHTML, like Gecko) Chrome/83.0.4103.61 Safari/537.36"
::1 - - [02/Jun/2020:19:51:02 +0700] "GET /phpmyadmin/themes/pmahomme/img/s_host.png HTTP/1.1" 200 591 "http://localhost:1908/phpmyadmin/themes/pmahomme/css/theme.css?v=5.0.2&nocache=6188364140ltr&server=1" "Mozilla/5.0 (Windows NT 10.0; Win64; x64) AppleWebKit/537.36 (KHTML, like Gecko) Chrome/83.0.4103.61 Safari/537.36"
::1 - - [02/Jun/2020:19:51:02 +0700] "GET /phpmyadmin/themes/pmahomme/img/b_sql.png HTTP/1.1" 200 680 "http://localhost:1908/phpmyadmin/themes/pmahomme/css/theme.css?v=5.0.2&nocache=6188364140ltr&server=1" "Mozilla/5.0 (Windows NT 10.0; Win64; x64) AppleWebKit/537.36 (KHTML, like Gecko) Chrome/83.0.4103.61 Safari/537.36"
::1 - - [02/Jun/2020:19:51:02 +0700] "GET /phpmyadmin/themes/pmahomme/img/s_status.png HTTP/1.1" 200 600 "http://localhost:1908/phpmyadmin/themes/pmahomme/css/theme.css?v=5.0.2&nocache=6188364140ltr&server=1" "Mozilla/5.0 (Windows NT 10.0; Win64; x64) AppleWebKit/537.36 (KHTML, like Gecko) Chrome/83.0.4103.61 Safari/537.36"
::1 - - [02/Jun/2020:19:51:02 +0700] "GET /phpmyadmin/themes/pmahomme/img/s_rights.png HTTP/1.1" 200 461 "http://localhost:1908/phpmyadmin/themes/pmahomme/css/theme.css?v=5.0.2&nocache=6188364140ltr&server=1" "Mozilla/5.0 (Windows NT 10.0; Win64; x64) AppleWebKit/537.36 (KHTML, like Gecko) Chrome/83.0.4103.61 Safari/537.36"
::1 - - [02/Jun/2020:19:51:02 +0700] "GET /phpmyadmin/themes/pmahomme/img/b_import.png HTTP/1.1" 200 556 "http://localhost:1908/phpmyadmin/themes/pmahomme/css/theme.css?v=5.0.2&nocache=6188364140ltr&server=1" "Mozilla/5.0 (Windows NT 10.0; Win64; x64) AppleWebKit/537.36 (KHTML, like Gecko) Chrome/83.0.4103.61 Safari/537.36"
::1 - - [02/Jun/2020:19:51:02 +0700] "GET /phpmyadmin/themes/pmahomme/img/b_export.png HTTP/1.1" 200 514 "http://localhost:1908/phpmyadmin/themes/pmahomme/css/theme.css?v=5.0.2&nocache=6188364140ltr&server=1" "Mozilla/5.0 (Windows NT 10.0; Win64; x64) AppleWebKit/537.36 (KHTML, like Gecko) Chrome/83.0.4103.61 Safari/537.36"
::1 - - [02/Jun/2020:19:51:02 +0700] "GET /phpmyadmin/themes/pmahomme/img/b_tblops.png HTTP/1.1" 200 537 "http://localhost:1908/phpmyadmin/themes/pmahomme/css/theme.css?v=5.0.2&nocache=6188364140ltr&server=1" "Mozilla/5.0 (Windows NT 10.0; Win64; x64) AppleWebKit/537.36 (KHTML, like Gecko) Chrome/83.0.4103.61 Safari/537.36"
::1 - - [02/Jun/2020:19:51:02 +0700] "GET /phpmyadmin/themes/pmahomme/img/s_replication.png HTTP/1.1" 200 399 "http://localhost:1908/phpmyadmin/themes/pmahomme/css/theme.css?v=5.0.2&nocache=6188364140ltr&server=1" "Mozilla/5.0 (Windows NT 10.0; Win64; x64) AppleWebKit/537.36 (KHTML, like Gecko) Chrome/83.0.4103.61 Safari/537.36"
::1 - - [02/Jun/2020:19:51:03 +0700] "GET /phpmyadmin/themes/pmahomme/img/s_vars.png HTTP/1.1" 200 523 "http://localhost:1908/phpmyadmin/themes/pmahomme/css/theme.css?v=5.0.2&nocache=6188364140ltr&server=1" "Mozilla/5.0 (Windows NT 10.0; Win64; x64) AppleWebKit/537.36 (KHTML, like Gecko) Chrome/83.0.4103.61 Safari/537.36"
::1 - - [02/Jun/2020:19:51:03 +0700] "GET /phpmyadmin/themes/pmahomme/img/s_asci.png HTTP/1.1" 200 148 "http://localhost:1908/phpmyadmin/themes/pmahomme/css/theme.css?v=5.0.2&nocache=6188364140ltr&server=1" "Mozilla/5.0 (Windows NT 10.0; Win64; x64) AppleWebKit/537.36 (KHTML, like Gecko) Chrome/83.0.4103.61 Safari/537.36"
::1 - - [02/Jun/2020:19:51:03 +0700] "GET /phpmyadmin/themes/pmahomme/img/b_engine.png HTTP/1.1" 200 398 "http://localhost:1908/phpmyadmin/themes/pmahomme/css/theme.css?v=5.0.2&nocache=6188364140ltr&server=1" "Mozilla/5.0 (Windows NT 10.0; Win64; x64) AppleWebKit/537.36 (KHTML, like Gecko) Chrome/83.0.4103.61 Safari/537.36"
::1 - - [02/Jun/2020:19:51:03 +0700] "GET /phpmyadmin/themes/pmahomme/img/b_plugin.png HTTP/1.1" 200 512 "http://localhost:1908/phpmyadmin/themes/pmahomme/css/theme.css?v=5.0.2&nocache=6188364140ltr&server=1" "Mozilla/5.0 (Windows NT 10.0; Win64; x64) AppleWebKit/537.36 (KHTML, like Gecko) Chrome/83.0.4103.61 Safari/537.36"
::1 - - [02/Jun/2020:19:51:03 +0700] "GET /phpmyadmin/themes/pmahomme/img/s_top.png HTTP/1.1" 200 220 "http://localhost:1908/phpmyadmin/themes/pmahomme/css/theme.css?v=5.0.2&nocache=6188364140ltr&server=1" "Mozilla/5.0 (Windows NT 10.0; Win64; x64) AppleWebKit/537.36 (KHTML, like Gecko) Chrome/83.0.4103.61 Safari/537.36"
::1 - - [02/Jun/2020:19:51:03 +0700] "GET /phpmyadmin/themes/pmahomme/img/console.png HTTP/1.1" 200 292 "http://localhost:1908/phpmyadmin/themes/pmahomme/css/theme.css?v=5.0.2&nocache=6188364140ltr&server=1" "Mozilla/5.0 (Windows NT 10.0; Win64; x64) AppleWebKit/537.36 (KHTML, like Gecko) Chrome/83.0.4103.61 Safari/537.36"
::1 - - [02/Jun/2020:19:51:03 +0700] "GET /phpmyadmin/themes/pmahomme/img/s_lang.png HTTP/1.1" 200 659 "http://localhost:1908/phpmyadmin/themes/pmahomme/css/theme.css?v=5.0.2&nocache=6188364140ltr&server=1" "Mozilla/5.0 (Windows NT 10.0; Win64; x64) AppleWebKit/537.36 (KHTML, like Gecko) Chrome/83.0.4103.61 Safari/537.36"
::1 - - [02/Jun/2020:19:51:03 +0700] "GET /phpmyadmin/themes/pmahomme/img/b_help.png HTTP/1.1" 200 705 "http://localhost:1908/phpmyadmin/themes/pmahomme/css/theme.css?v=5.0.2&nocache=6188364140ltr&server=1" "Mozilla/5.0 (Windows NT 10.0; Win64; x64) AppleWebKit/537.36 (KHTML, like Gecko) Chrome/83.0.4103.61 Safari/537.36"
::1 - - [02/Jun/2020:19:51:03 +0700] "GET /phpmyadmin/themes/pmahomme/img/window-new.png HTTP/1.1" 200 468 "http://localhost:1908/phpmyadmin/themes/pmahomme/css/theme.css?v=5.0.2&nocache=6188364140ltr&server=1" "Mozilla/5.0 (Windows NT 10.0; Win64; x64) AppleWebKit/537.36 (KHTML, like Gecko) Chrome/83.0.4103.61 Safari/537.36"
::1 - - [02/Jun/2020:19:51:03 +0700] "GET /phpmyadmin/themes/pmahomme/img/s_theme.png HTTP/1.1" 200 772 "http://localhost:1908/phpmyadmin/themes/pmahomme/css/theme.css?v=5.0.2&nocache=6188364140ltr&server=1" "Mozilla/5.0 (Windows NT 10.0; Win64; x64) AppleWebKit/537.36 (KHTML, like Gecko) Chrome/83.0.4103.61 Safari/537.36"
::1 - - [02/Jun/2020:19:51:03 +0700] "POST /phpmyadmin/ajax.php HTTP/1.1" 200 1425 "-" "Mozilla/5.0 (Windows NT 10.0; Win64; x64) AppleWebKit/537.36 (KHTML, like Gecko) Chrome/83.0.4103.61 Safari/537.36"
::1 - - [02/Jun/2020:19:51:03 +0700] "GET /phpmyadmin/themes/pmahomme/img/b_more.png HTTP/1.1" 200 111 "http://localhost:1908/phpmyadmin/themes/pmahomme/css/theme.css?v=5.0.2&nocache=6188364140ltr&server=1" "Mozilla/5.0 (Windows NT 10.0; Win64; x64) AppleWebKit/537.36 (KHTML, like Gecko) Chrome/83.0.4103.61 Safari/537.36"
::1 - - [02/Jun/2020:19:51:03 +0700] "POST /phpmyadmin/navigation.php?ajax_request=1&lang=en HTTP/1.1" 200 2104 "-" "Mozilla/5.0 (Windows NT 10.0; Win64; x64) AppleWebKit/537.36 (KHTML, like Gecko) Chrome/83.0.4103.61 Safari/537.36"
::1 - - [02/Jun/2020:19:51:03 +0700] "POST /phpmyadmin/ajax.php HTTP/1.1" 200 1522 "-" "Mozilla/5.0 (Windows NT 10.0; Win64; x64) AppleWebKit/537.36 (KHTML, like Gecko) Chrome/83.0.4103.61 Safari/537.36"
::1 - - [02/Jun/2020:19:51:04 +0700] "GET /phpmyadmin/favicon.ico HTTP/1.1" 200 22486 "-" "Mozilla/5.0 (Windows NT 10.0; Win64; x64) AppleWebKit/537.36 (KHTML, like Gecko) Chrome/83.0.4103.61 Safari/537.36"
::1 - - [02/Jun/2020:19:51:04 +0700] "POST /phpmyadmin/ajax.php HTTP/1.1" 200 1416 "-" "Mozilla/5.0 (Windows NT 10.0; Win64; x64) AppleWebKit/537.36 (KHTML, like Gecko) Chrome/83.0.4103.61 Safari/537.36"
::1 - - [02/Jun/2020:19:51:04 +0700] "POST /phpmyadmin/version_check.php HTTP/1.1" 200 64 "-" "Mozilla/5.0 (Windows NT 10.0; Win64; x64) AppleWebKit/537.36 (KHTML, like Gecko) Chrome/83.0.4103.61 Safari/537.36"
::1 - - [02/Jun/2020:19:51:04 +0700] "POST /phpmyadmin/db_structure.php?ajax_request=1&favorite_table=1&sync_favorite_tables=1&lang=en HTTP/1.1" 200 134 "-" "Mozilla/5.0 (Windows NT 10.0; Win64; x64) AppleWebKit/537.36 (KHTML, like Gecko) Chrome/83.0.4103.61 Safari/537.36"
::1 - - [02/Jun/2020:19:51:10 +0700] "GET /phpmyadmin/server_privileges.php?viewing_mode=server&lang=en&ajax_request=true&ajax_page_request=true&_nocache=1591102270602316810&token=26724f493e2155785844423a7a355941 HTTP/1.1" 200 2972 "-" "Mozilla/5.0 (Windows NT 10.0; Win64; x64) AppleWebKit/537.36 (KHTML, like Gecko) Chrome/83.0.4103.61 Safari/537.36"
::1 - - [02/Jun/2020:19:51:11 +0700] "GET /phpmyadmin/themes/pmahomme/img/b_usrlist.png HTTP/1.1" 200 677 "http://localhost:1908/phpmyadmin/themes/pmahomme/css/theme.css?v=5.0.2&nocache=6188364140ltr&server=1" "Mozilla/5.0 (Windows NT 10.0; Win64; x64) AppleWebKit/537.36 (KHTML, like Gecko) Chrome/83.0.4103.61 Safari/537.36"
::1 - - [02/Jun/2020:19:51:11 +0700] "GET /phpmyadmin/themes/pmahomme/img/b_usredit.png HTTP/1.1" 200 757 "http://localhost:1908/phpmyadmin/themes/pmahomme/css/theme.css?v=5.0.2&nocache=6188364140ltr&server=1" "Mozilla/5.0 (Windows NT 10.0; Win64; x64) AppleWebKit/537.36 (KHTML, like Gecko) Chrome/83.0.4103.61 Safari/537.36"
::1 - - [02/Jun/2020:19:51:11 +0700] "GET /phpmyadmin/themes/pmahomme/img/b_tblexport.png HTTP/1.1" 200 514 "http://localhost:1908/phpmyadmin/themes/pmahomme/css/theme.css?v=5.0.2&nocache=6188364140ltr&server=1" "Mozilla/5.0 (Windows NT 10.0; Win64; x64) AppleWebKit/537.36 (KHTML, like Gecko) Chrome/83.0.4103.61 Safari/537.36"
::1 - - [02/Jun/2020:19:51:11 +0700] "GET /phpmyadmin/themes/pmahomme/img/b_usradd.png HTTP/1.1" 200 670 "http://localhost:1908/phpmyadmin/themes/pmahomme/css/theme.css?v=5.0.2&nocache=6188364140ltr&server=1" "Mozilla/5.0 (Windows NT 10.0; Win64; x64) AppleWebKit/537.36 (KHTML, like Gecko) Chrome/83.0.4103.61 Safari/537.36"
::1 - - [02/Jun/2020:19:51:11 +0700] "GET /phpmyadmin/themes/pmahomme/img/s_notice.png HTTP/1.1" 200 567 "http://localhost:1908/phpmyadmin/themes/pmahomme/css/theme.css?v=5.0.2&nocache=6188364140ltr&server=1" "Mozilla/5.0 (Windows NT 10.0; Win64; x64) AppleWebKit/537.36 (KHTML, like Gecko) Chrome/83.0.4103.61 Safari/537.36"
::1 - - [02/Jun/2020:19:51:11 +0700] "GET /phpmyadmin/themes/pmahomme/img/b_usrdrop.png HTTP/1.1" 200 697 "http://localhost:1908/phpmyadmin/themes/pmahomme/css/theme.css?v=5.0.2&nocache=6188364140ltr&server=1" "Mozilla/5.0 (Windows NT 10.0; Win64; x64) AppleWebKit/537.36 (KHTML, like Gecko) Chrome/83.0.4103.61 Safari/537.36"
::1 - - [02/Jun/2020:19:51:11 +0700] "GET /phpmyadmin/js/server/privileges.js?v=5.0.2 HTTP/1.1" 200 19243 "-" "Mozilla/5.0 (Windows NT 10.0; Win64; x64) AppleWebKit/537.36 (KHTML, like Gecko) Chrome/83.0.4103.61 Safari/537.36"
::1 - - [02/Jun/2020:19:51:11 +0700] "GET /phpmyadmin/js/vendor/zxcvbn.js?v=5.0.2 HTTP/1.1" 200 821676 "-" "Mozilla/5.0 (Windows NT 10.0; Win64; x64) AppleWebKit/537.36 (KHTML, like Gecko) Chrome/83.0.4103.61 Safari/537.36"
::1 - - [02/Jun/2020:19:51:11 +0700] "GET /phpmyadmin/themes/pmahomme/img/arrow_ltr.png HTTP/1.1" 200 101 "-" "Mozilla/5.0 (Windows NT 10.0; Win64; x64) AppleWebKit/537.36 (KHTML, like Gecko) Chrome/83.0.4103.61 Safari/537.36"
::1 - - [02/Jun/2020:19:51:16 +0700] "GET /phpmyadmin/server_privileges.php?adduser=1&ajax_request=true&ajax_page_request=true&_nocache=1591102276079195736&token=26724f493e2155785844423a7a355941 HTTP/1.1" 200 5095 "-" "Mozilla/5.0 (Windows NT 10.0; Win64; x64) AppleWebKit/537.36 (KHTML, like Gecko) Chrome/83.0.4103.61 Safari/537.36"
::1 - - [02/Jun/2020:19:51:36 +0700] "GET /phpmyadmin/server_privileges.php?ajax_request=true&server=1&validate_username=true&username=vinhthanhle&_nocache=1591102296406553681&token=26724f493e2155785844423a7a355941 HTTP/1.1" 200 1497 "-" "Mozilla/5.0 (Windows NT 10.0; Win64; x64) AppleWebKit/537.36 (KHTML, like Gecko) Chrome/83.0.4103.61 Safari/537.36"
::1 - - [02/Jun/2020:19:52:32 +0700] "POST /phpmyadmin/server_privileges.php HTTP/1.1" 200 7040 "-" "Mozilla/5.0 (Windows NT 10.0; Win64; x64) AppleWebKit/537.36 (KHTML, like Gecko) Chrome/83.0.4103.61 Safari/537.36"
::1 - - [02/Jun/2020:19:52:32 +0700] "GET /phpmyadmin/themes/pmahomme/img/s_success.png HTTP/1.1" 200 465 "http://localhost:1908/phpmyadmin/themes/pmahomme/css/theme.css?v=5.0.2&nocache=6188364140ltr&server=1" "Mozilla/5.0 (Windows NT 10.0; Win64; x64) AppleWebKit/537.36 (KHTML, like Gecko) Chrome/83.0.4103.61 Safari/537.36"
::1 - - [02/Jun/2020:19:52:32 +0700] "POST /phpmyadmin/navigation.php?ajax_request=1&lang=en HTTP/1.1" 200 2145 "-" "Mozilla/5.0 (Windows NT 10.0; Win64; x64) AppleWebKit/537.36 (KHTML, like Gecko) Chrome/83.0.4103.61 Safari/537.36"
::1 - - [02/Jun/2020:19:52:32 +0700] "GET /phpmyadmin/navigation.php?ajax_request=1&lang=en&aPath=cm9vdA%3D%3D.dmluaHRoYW5obGU%3D&vPath=cm9vdA%3D%3D.dmluaHRoYW5obGU%3D&pos=0&pos2_name=&pos2_value=&searchClause=&searchClause2=&_nocache=1591102352955935335&token=26724f493e2155785844423a7a355941 HTTP/1.1" 200 1447 "-" "Mozilla/5.0 (Windows NT 10.0; Win64; x64) AppleWebKit/537.36 (KHTML, like Gecko) Chrome/83.0.4103.61 Safari/537.36"
::1 - - [02/Jun/2020:19:52:33 +0700] "GET /phpmyadmin/themes/pmahomme/img/b_minus.png HTTP/1.1" 200 123 "http://localhost:1908/phpmyadmin/themes/pmahomme/css/theme.css?v=5.0.2&nocache=6188364140ltr&server=1" "Mozilla/5.0 (Windows NT 10.0; Win64; x64) AppleWebKit/537.36 (KHTML, like Gecko) Chrome/83.0.4103.61 Safari/537.36"
::1 - - [02/Jun/2020:20:16:28 +0700] "POST /phpmyadmin/index.php HTTP/1.1" 200 1558 "-" "Mozilla/5.0 (Windows NT 10.0; Win64; x64) AppleWebKit/537.36 (KHTML, like Gecko) Chrome/83.0.4103.61 Safari/537.36"
::1 - - [02/Jun/2020:20:17:53 +0700] "POST /phpmyadmin/index.php HTTP/1.1" 200 1558 "-" "Mozilla/5.0 (Windows NT 10.0; Win64; x64) AppleWebKit/537.36 (KHTML, like Gecko) Chrome/83.0.4103.61 Safari/537.36"
::1 - - [02/Jun/2020:20:17:55 +0700] "POST /phpmyadmin/index.php HTTP/1.1" 200 1558 "-" "Mozilla/5.0 (Windows NT 10.0; Win64; x64) AppleWebKit/537.36 (KHTML, like Gecko) Chrome/83.0.4103.61 Safari/537.36"
::1 - - [03/Jun/2020:09:27:51 +0700] "GET / HTTP/1.1" 302 - "-" "Mozilla/5.0 (Windows NT 10.0; Win64; x64) AppleWebKit/537.36 (KHTML, like Gecko) Chrome/83.0.4103.61 Safari/537.36"
::1 - - [03/Jun/2020:09:27:51 +0700] "GET /dashboard/ HTTP/1.1" 200 7576 "-" "Mozilla/5.0 (Windows NT 10.0; Win64; x64) AppleWebKit/537.36 (KHTML, like Gecko) Chrome/83.0.4103.61 Safari/537.36"
::1 - - [03/Jun/2020:09:27:52 +0700] "GET /dashboard/stylesheets/normalize.css HTTP/1.1" 200 6876 "http://localhost:1908/dashboard/" "Mozilla/5.0 (Windows NT 10.0; Win64; x64) AppleWebKit/537.36 (KHTML, like Gecko) Chrome/83.0.4103.61 Safari/537.36"
::1 - - [03/Jun/2020:09:27:52 +0700] "GET /dashboard/javascripts/modernizr.js HTTP/1.1" 200 51365 "http://localhost:1908/dashboard/" "Mozilla/5.0 (Windows NT 10.0; Win64; x64) AppleWebKit/537.36 (KHTML, like Gecko) Chrome/83.0.4103.61 Safari/537.36"
::1 - - [03/Jun/2020:09:27:52 +0700] "GET /dashboard/stylesheets/all.css HTTP/1.1" 200 481698 "http://localhost:1908/dashboard/" "Mozilla/5.0 (Windows NT 10.0; Win64; x64) AppleWebKit/537.36 (KHTML, like Gecko) Chrome/83.0.4103.61 Safari/537.36"
::1 - - [03/Jun/2020:09:27:52 +0700] "GET /dashboard/javascripts/all.js HTTP/1.1" 200 188385 "http://localhost:1908/dashboard/" "Mozilla/5.0 (Windows NT 10.0; Win64; x64) AppleWebKit/537.36 (KHTML, like Gecko) Chrome/83.0.4103.61 Safari/537.36"
::1 - - [03/Jun/2020:09:27:52 +0700] "GET /dashboard/images/social-icons.png HTTP/1.1" 200 3361 "http://localhost:1908/dashboard/stylesheets/all.css" "Mozilla/5.0 (Windows NT 10.0; Win64; x64) AppleWebKit/537.36 (KHTML, like Gecko) Chrome/83.0.4103.61 Safari/537.36"
::1 - - [03/Jun/2020:09:27:52 +0700] "GET /dashboard/images/fastly-logo.png HTTP/1.1" 200 1770 "http://localhost:1908/dashboard/" "Mozilla/5.0 (Windows NT 10.0; Win64; x64) AppleWebKit/537.36 (KHTML, like Gecko) Chrome/83.0.4103.61 Safari/537.36"
::1 - - [03/Jun/2020:09:27:52 +0700] "GET /dashboard/images/bitnami-xampp.png HTTP/1.1" 200 22133 "http://localhost:1908/dashboard/" "Mozilla/5.0 (Windows NT 10.0; Win64; x64) AppleWebKit/537.36 (KHTML, like Gecko) Chrome/83.0.4103.61 Safari/537.36"
::1 - - [03/Jun/2020:09:27:52 +0700] "GET /dashboard/images/xampp-logo.svg HTTP/1.1" 200 5427 "http://localhost:1908/dashboard/" "Mozilla/5.0 (Windows NT 10.0; Win64; x64) AppleWebKit/537.36 (KHTML, like Gecko) Chrome/83.0.4103.61 Safari/537.36"
::1 - - [05/Jun/2020:11:57:16 +0700] "GET / HTTP/1.1" 302 - "-" "Mozilla/5.0 (Windows NT 10.0; Win64; x64) AppleWebKit/537.36 (KHTML, like Gecko) Chrome/83.0.4103.61 Safari/537.36"
::1 - - [05/Jun/2020:11:57:17 +0700] "GET /dashboard/ HTTP/1.1" 200 7576 "-" "Mozilla/5.0 (Windows NT 10.0; Win64; x64) AppleWebKit/537.36 (KHTML, like Gecko) Chrome/83.0.4103.61 Safari/537.36"
::1 - - [05/Jun/2020:11:57:17 +0700] "GET /dashboard/stylesheets/normalize.css HTTP/1.1" 200 6876 "http://localhost:1908/dashboard/" "Mozilla/5.0 (Windows NT 10.0; Win64; x64) AppleWebKit/537.36 (KHTML, like Gecko) Chrome/83.0.4103.61 Safari/537.36"
::1 - - [05/Jun/2020:11:57:17 +0700] "GET /dashboard/javascripts/modernizr.js HTTP/1.1" 200 51365 "http://localhost:1908/dashboard/" "Mozilla/5.0 (Windows NT 10.0; Win64; x64) AppleWebKit/537.36 (KHTML, like Gecko) Chrome/83.0.4103.61 Safari/537.36"
::1 - - [05/Jun/2020:11:57:17 +0700] "GET /dashboard/stylesheets/all.css HTTP/1.1" 200 481698 "http://localhost:1908/dashboard/" "Mozilla/5.0 (Windows NT 10.0; Win64; x64) AppleWebKit/537.36 (KHTML, like Gecko) Chrome/83.0.4103.61 Safari/537.36"
::1 - - [05/Jun/2020:11:57:19 +0700] "GET /dashboard/javascripts/all.js HTTP/1.1" 200 188385 "http://localhost:1908/dashboard/" "Mozilla/5.0 (Windows NT 10.0; Win64; x64) AppleWebKit/537.36 (KHTML, like Gecko) Chrome/83.0.4103.61 Safari/537.36"
::1 - - [05/Jun/2020:11:57:19 +0700] "GET /dashboard/images/xampp-logo.svg HTTP/1.1" 200 5427 "http://localhost:1908/dashboard/" "Mozilla/5.0 (Windows NT 10.0; Win64; x64) AppleWebKit/537.36 (KHTML, like Gecko) Chrome/83.0.4103.61 Safari/537.36"
::1 - - [05/Jun/2020:11:57:19 +0700] "GET /dashboard/images/bitnami-xampp.png HTTP/1.1" 200 22133 "http://localhost:1908/dashboard/" "Mozilla/5.0 (Windows NT 10.0; Win64; x64) AppleWebKit/537.36 (KHTML, like Gecko) Chrome/83.0.4103.61 Safari/537.36"
::1 - - [05/Jun/2020:11:57:19 +0700] "GET /dashboard/images/fastly-logo.png HTTP/1.1" 200 1770 "http://localhost:1908/dashboard/" "Mozilla/5.0 (Windows NT 10.0; Win64; x64) AppleWebKit/537.36 (KHTML, like Gecko) Chrome/83.0.4103.61 Safari/537.36"
::1 - - [05/Jun/2020:11:57:20 +0700] "GET /dashboard/images/social-icons.png HTTP/1.1" 200 3361 "http://localhost:1908/dashboard/stylesheets/all.css" "Mozilla/5.0 (Windows NT 10.0; Win64; x64) AppleWebKit/537.36 (KHTML, like Gecko) Chrome/83.0.4103.61 Safari/537.36"
::1 - - [05/Jun/2020:13:15:12 +0700] "POST / HTTP/1.1" 302 - "http://localhost:9999/" "Mozilla/5.0 (Windows NT 10.0; Win64; x64) AppleWebKit/537.36 (KHTML, like Gecko) Chrome/83.0.4103.61 Safari/537.36"
::1 - - [05/Jun/2020:13:15:12 +0700] "GET /dashboard/ HTTP/1.1" 304 - "http://localhost:9999/" "Mozilla/5.0 (Windows NT 10.0; Win64; x64) AppleWebKit/537.36 (KHTML, like Gecko) Chrome/83.0.4103.61 Safari/537.36"
::1 - - [05/Jun/2020:13:15:27 +0700] "POST / HTTP/1.1" 302 - "http://localhost:9999/" "Mozilla/5.0 (Windows NT 10.0; Win64; x64) AppleWebKit/537.36 (KHTML, like Gecko) Chrome/83.0.4103.61 Safari/537.36"
::1 - - [05/Jun/2020:13:15:27 +0700] "GET /dashboard/ HTTP/1.1" 304 - "http://localhost:9999/" "Mozilla/5.0 (Windows NT 10.0; Win64; x64) AppleWebKit/537.36 (KHTML, like Gecko) Chrome/83.0.4103.61 Safari/537.36"
